[debug] [2020-09-14T13:01:31.421Z] ----------------------------------------------------------------------
[debug] [2020-09-14T13:01:31.434Z] Command:       C:\Program Files\nodejs\node.exe C:\Users\sanathpoojari\AppData\Roaming\npm\node_modules\firebase-tools\lib\bin\firebase.js login
[debug] [2020-09-14T13:01:31.435Z] CLI Version:   8.10.0
[debug] [2020-09-14T13:01:31.436Z] Platform:      win32
[debug] [2020-09-14T13:01:31.436Z] Node Version:  v13.12.0
[debug] [2020-09-14T13:01:31.439Z] Time:          Mon Sep 14 2020 18:31:31 GMT+0530 (India Standard Time)
[debug] [2020-09-14T13:01:31.439Z] ----------------------------------------------------------------------
[debug] [2020-09-14T13:01:31.440Z] 
[info] i  Firebase optionally collects CLI usage and error reporting information to help improve our products. Data is collected in accordance with Google's privacy policy (https://policies.google.com/privacy) and is not used to identify you.
 
[info] i  To change your data collection preference at any time, run `firebase logout` and log in again. 
[info] 
[info] Visit this URL on this device to log in:
[info] https://accounts.google.com/o/oauth2/auth?client_id=563584335869-fgrhgmd47bqnekij5i8b5pr03ho849e6.apps.googleusercontent.com&scope=email%20openid%20https%3A%2F%2Fwww.googleapis.com%2Fauth%2Fcloudplatformprojects.readonly%20https%3A%2F%2Fwww.googleapis.com%2Fauth%2Ffirebase%20https%3A%2F%2Fwww.googleapis.com%2Fauth%2Fcloud-platform&response_type=code&state=892908289&redirect_uri=http%3A%2F%2Flocalhost%3A9005
[info] 
[info] Waiting for authentication...
[debug] [2020-09-14T13:01:36.174Z] Error: spawn cmd ENOENT
    at Process.ChildProcess._handle.onexit (internal/child_process.js:267:19)
    at onErrorNT (internal/child_process.js:467:16)
    at processTicksAndRejections (internal/process/task_queues.js:84:21)
[error] 
[error] Error: An unexpected error has occurred.
[debug] [2020-09-14T14:23:21.711Z] ----------------------------------------------------------------------
[debug] [2020-09-14T14:23:21.719Z] Command:       C:\Program Files\nodejs\node.exe C:\Users\sanathpoojari\AppData\Roaming\npm\node_modules\firebase-tools\lib\bin\firebase.js login
[debug] [2020-09-14T14:23:21.721Z] CLI Version:   8.10.0
[debug] [2020-09-14T14:23:21.721Z] Platform:      win32
[debug] [2020-09-14T14:23:21.721Z] Node Version:  v13.12.0
[debug] [2020-09-14T14:23:21.725Z] Time:          Mon Sep 14 2020 19:53:21 GMT+0530 (India Standard Time)
[debug] [2020-09-14T14:23:21.726Z] ----------------------------------------------------------------------
[debug] [2020-09-14T14:23:21.727Z] 
[info] i  Firebase optionally collects CLI usage and error reporting information to help improve our products. Data is collected in accordance with Google's privacy policy (https://policies.google.com/privacy) and is not used to identify you.
 
[info] i  To change your data collection preference at any time, run `firebase logout` and log in again. 
[info] 
[info] Visit this URL on this device to log in:
[info] https://accounts.google.com/o/oauth2/auth?client_id=563584335869-fgrhgmd47bqnekij5i8b5pr03ho849e6.apps.googleusercontent.com&scope=email%20openid%20https%3A%2F%2Fwww.googleapis.com%2Fauth%2Fcloudplatformprojects.readonly%20https%3A%2F%2Fwww.googleapis.com%2Fauth%2Ffirebase%20https%3A%2F%2Fwww.googleapis.com%2Fauth%2Fcloud-platform&response_type=code&state=927394985&redirect_uri=http%3A%2F%2Flocalhost%3A9005
[info] 
[info] Waiting for authentication...
[debug] [2020-09-14T14:23:25.805Z] Error: spawn cmd ENOENT
    at Process.ChildProcess._handle.onexit (internal/child_process.js:267:19)
    at onErrorNT (internal/child_process.js:467:16)
    at processTicksAndRejections (internal/process/task_queues.js:84:21)
[error] 
[error] Error: An unexpected error has occurred.
